<?xml version="1.0" encoding="UTF-8"?>
<!-- Generated by org.testng.reporters.JUnitXMLReporter -->
<testsuite ignored="0" hostname="DESKTOP-05VIGLL" failures="0" tests="6" name="Free Crm Test Cases" time="123.81" errors="0" timestamp="2024-09-06T15:10:00 IST">
  <testcase classname="com.crm.qa.testcases.LoginPageTest" name="logInPageTitleTest" time="0.043"/>
  <testcase classname="com.crm.qa.testcases.LoginPageTest" name="crmLogoImageTest" time="0.066"/>
  <testcase classname="com.crm.qa.testcases.LoginPageTest" name="loginTest" time="12.702"/>
  <testcase classname="com.crm.qa.testcases.HomePageTest" name="verifyHomePageTitleTest" time="0.013"/>
  <testcase classname="com.crm.qa.testcases.HomePageTest" name="verifyUserName" time="0.099"/>
  <testcase classname="com.crm.qa.testcases.HomePageTest" name="verifyContactsLinkTest" time="2.813"/>
</testsuite> <!-- Free Crm Test Cases -->
