<?xml version="1.0" encoding="UTF-8"?>
<testng-results ignored="0" total="6" passed="6" failed="0" skipped="0">
  <reporter-output>
  </reporter-output>
  <suite started-at="2024-09-06T15:07:56 IST" name="FREE CRM Application Automation Test Suite" finished-at="2024-09-06T15:10:00 IST" duration-ms="123810">
    <groups>
    </groups>
    <test started-at="2024-09-06T15:07:56 IST" name="Free Crm Test Cases" finished-at="2024-09-06T15:10:00 IST" duration-ms="123810">
      <class name="com.crm.qa.testcases.HomePageTest">
        <test-method is-config="true" signature="setUp()[pri:0, instance:com.crm.qa.testcases.HomePageTest@5524cca1]" started-at="2024-09-06T15:08:49 IST" name="setUp" finished-at="2024-09-06T15:09:11 IST" duration-ms="22134" status="PASS">
          <reporter-output>
          </reporter-output>
        </test-method> <!-- setUp -->
        <test-method signature="verifyHomePageTitleTest()[pri:1, instance:com.crm.qa.testcases.HomePageTest@5524cca1]" started-at="2024-09-06T15:09:11 IST" name="verifyHomePageTitleTest" finished-at="2024-09-06T15:09:11 IST" duration-ms="13" status="PASS">
          <reporter-output>
          </reporter-output>
        </test-method> <!-- verifyHomePageTitleTest -->
        <test-method is-config="true" signature="tearDown()[pri:0, instance:com.crm.qa.testcases.HomePageTest@5524cca1]" started-at="2024-09-06T15:09:11 IST" name="tearDown" finished-at="2024-09-06T15:09:11 IST" duration-ms="359" status="PASS">
          <reporter-output>
          </reporter-output>
        </test-method> <!-- tearDown -->
        <test-method is-config="true" signature="setUp()[pri:0, instance:com.crm.qa.testcases.HomePageTest@5524cca1]" started-at="2024-09-06T15:09:11 IST" name="setUp" finished-at="2024-09-06T15:09:34 IST" duration-ms="23205" status="PASS">
          <reporter-output>
          </reporter-output>
        </test-method> <!-- setUp -->
        <test-method signature="verifyUserName()[pri:2, instance:com.crm.qa.testcases.HomePageTest@5524cca1]" started-at="2024-09-06T15:09:34 IST" name="verifyUserName" finished-at="2024-09-06T15:09:34 IST" duration-ms="99" status="PASS">
          <reporter-output>
          </reporter-output>
        </test-method> <!-- verifyUserName -->
        <test-method is-config="true" signature="tearDown()[pri:0, instance:com.crm.qa.testcases.HomePageTest@5524cca1]" started-at="2024-09-06T15:09:34 IST" name="tearDown" finished-at="2024-09-06T15:09:35 IST" duration-ms="335" status="PASS">
          <reporter-output>
          </reporter-output>
        </test-method> <!-- tearDown -->
        <test-method is-config="true" signature="setUp()[pri:0, instance:com.crm.qa.testcases.HomePageTest@5524cca1]" started-at="2024-09-06T15:09:35 IST" name="setUp" finished-at="2024-09-06T15:09:56 IST" duration-ms="21761" status="PASS">
          <reporter-output>
          </reporter-output>
        </test-method> <!-- setUp -->
        <test-method signature="verifyContactsLinkTest()[pri:3, instance:com.crm.qa.testcases.HomePageTest@5524cca1]" started-at="2024-09-06T15:09:57 IST" name="verifyContactsLinkTest" finished-at="2024-09-06T15:09:59 IST" duration-ms="2813" status="PASS">
          <reporter-output>
          </reporter-output>
        </test-method> <!-- verifyContactsLinkTest -->
        <test-method is-config="true" signature="tearDown()[pri:0, instance:com.crm.qa.testcases.HomePageTest@5524cca1]" started-at="2024-09-06T15:09:59 IST" name="tearDown" finished-at="2024-09-06T15:10:00 IST" duration-ms="371" status="PASS">
          <reporter-output>
          </reporter-output>
        </test-method> <!-- tearDown -->
      </class> <!-- com.crm.qa.testcases.HomePageTest -->
      <class name="com.crm.qa.testcases.LoginPageTest">
        <test-method is-config="true" signature="setUp()[pri:0, instance:com.crm.qa.testcases.LoginPageTest@173ed316]" started-at="2024-09-06T15:07:56 IST" name="setUp" finished-at="2024-09-06T15:08:14 IST" duration-ms="18445" status="PASS">
          <reporter-output>
          </reporter-output>
        </test-method> <!-- setUp -->
        <test-method signature="logInPageTitleTest()[pri:1, instance:com.crm.qa.testcases.LoginPageTest@173ed316]" started-at="2024-09-06T15:08:14 IST" name="logInPageTitleTest" finished-at="2024-09-06T15:08:14 IST" duration-ms="43" status="PASS">
          <reporter-output>
          </reporter-output>
        </test-method> <!-- logInPageTitleTest -->
        <test-method is-config="true" signature="tearDown()[pri:0, instance:com.crm.qa.testcases.LoginPageTest@173ed316]" started-at="2024-09-06T15:08:14 IST" name="tearDown" finished-at="2024-09-06T15:08:15 IST" duration-ms="328" status="PASS">
          <reporter-output>
          </reporter-output>
        </test-method> <!-- tearDown -->
        <test-method is-config="true" signature="setUp()[pri:0, instance:com.crm.qa.testcases.LoginPageTest@173ed316]" started-at="2024-09-06T15:08:15 IST" name="setUp" finished-at="2024-09-06T15:08:24 IST" duration-ms="9617" status="PASS">
          <reporter-output>
          </reporter-output>
        </test-method> <!-- setUp -->
        <test-method signature="crmLogoImageTest()[pri:2, instance:com.crm.qa.testcases.LoginPageTest@173ed316]" started-at="2024-09-06T15:08:24 IST" name="crmLogoImageTest" finished-at="2024-09-06T15:08:24 IST" duration-ms="66" status="PASS">
          <reporter-output>
          </reporter-output>
        </test-method> <!-- crmLogoImageTest -->
        <test-method is-config="true" signature="tearDown()[pri:0, instance:com.crm.qa.testcases.LoginPageTest@173ed316]" started-at="2024-09-06T15:08:24 IST" name="tearDown" finished-at="2024-09-06T15:08:25 IST" duration-ms="288" status="PASS">
          <reporter-output>
          </reporter-output>
        </test-method> <!-- tearDown -->
        <test-method is-config="true" signature="setUp()[pri:0, instance:com.crm.qa.testcases.LoginPageTest@173ed316]" started-at="2024-09-06T15:08:25 IST" name="setUp" finished-at="2024-09-06T15:08:36 IST" duration-ms="10802" status="PASS">
          <reporter-output>
          </reporter-output>
        </test-method> <!-- setUp -->
        <test-method signature="loginTest()[pri:3, instance:com.crm.qa.testcases.LoginPageTest@173ed316]" started-at="2024-09-06T15:08:36 IST" name="loginTest" finished-at="2024-09-06T15:08:48 IST" duration-ms="12702" status="PASS">
          <reporter-output>
          </reporter-output>
        </test-method> <!-- loginTest -->
        <test-method is-config="true" signature="tearDown()[pri:0, instance:com.crm.qa.testcases.LoginPageTest@173ed316]" started-at="2024-09-06T15:08:48 IST" name="tearDown" finished-at="2024-09-06T15:08:49 IST" duration-ms="352" status="PASS">
          <reporter-output>
          </reporter-output>
        </test-method> <!-- tearDown -->
      </class> <!-- com.crm.qa.testcases.LoginPageTest -->
    </test> <!-- Free Crm Test Cases -->
  </suite> <!-- FREE CRM Application Automation Test Suite -->
</testng-results>
